19:11:33 **** Incremental Build of configuration Debug for project Fig-423-ExitingAMaze ****
make all 
Building file: ../main.cpp
Invoking: GCC C++ Compiler
g++ -O0 -g3 -Wall -c -fmessage-length=0 -MMD -MP -MF"main.d" -MT"main.d" -o "main.o" "../main.cpp"
../main.cpp: In member function ‘T Stack<T>::pop()’:
../main.cpp:55:15: error: there are no arguments to ‘top’ that depend on a template parameter, so a declaration of ‘top’ must be available [-fpermissive]
   T tmp = top();
               ^
../main.cpp:55:15: note: (if you use ‘-fpermissive’, G++ will accept your code, but allowing the use of an undeclared name is deprecated)
../main.cpp: At global scope:
../main.cpp:80:13: warning: non-static const member ‘const char Maze::exitMarker’ in class without a constructor [-Wuninitialized]
  const char exitMarker, entryMarker, visited, passage, wall; // Constant parts of the maze
             ^
../main.cpp:80:25: warning: non-static const member ‘const char Maze::entryMarker’ in class without a constructor [-Wuninitialized]
  const char exitMarker, entryMarker, visited, passage, wall; // Constant parts of the maze
                         ^
../main.cpp:80:38: warning: non-static const member ‘const char Maze::visited’ in class without a constructor [-Wuninitialized]
  const char exitMarker, entryMarker, visited, passage, wall; // Constant parts of the maze
                                      ^
../main.cpp:80:47: warning: non-static const member ‘const char Maze::passage’ in class without a constructor [-Wuninitialized]
  const char exitMarker, entryMarker, visited, passage, wall; // Constant parts of the maze
                                               ^
../main.cpp:80:56: warning: non-static const member ‘const char Maze::wall’ in class without a constructor [-Wuninitialized]
  const char exitMarker, entryMarker, visited, passage, wall; // Constant parts of the maze
                                                        ^
../main.cpp:91:12: error: definition of implicitly-declared ‘Maze::Maze()’
 Maze::Maze() : 
            ^
../main.cpp:147:21: error: no ‘void Maze::exitMaze()’ member function declared in class ‘Maze’
 void Maze::exitMaze() {
                     ^
../main.cpp: In constructor ‘Maze::Maze()’:
../main.cpp:76:7: error: uninitialized member ‘Maze::exitMarker’ with ‘const’ type ‘const char’ [-fpermissive]
 class Maze {
       ^
../main.cpp:76:7: error: uninitialized member ‘Maze::entryMarker’ with ‘const’ type ‘const char’ [-fpermissive]
../main.cpp:76:7: error: uninitialized member ‘Maze::visited’ with ‘const’ type ‘const char’ [-fpermissive]
../main.cpp:76:7: error: uninitialized member ‘Maze::passage’ with ‘const’ type ‘const char’ [-fpermissive]
../main.cpp:76:7: error: uninitialized member ‘Maze::wall’ with ‘const’ type ‘const char’ [-fpermissive]
../main.cpp: In function ‘int main(int, char**)’:
../main.cpp:189:10: note: synthesized method ‘Maze::Maze()’ first required here 
     Maze().exitMaze();
          ^
../main.cpp:189:12: error: ‘class Maze’ has no member named ‘exitMaze’
     Maze().exitMaze();
            ^
make: *** [main.o] Error 1
19:13:19 **** Incremental Build of configuration Debug for project Fig-423-ExitingAMaze ****
make all 
Building file: ../main.cpp
Invoking: GCC C++ Compiler
g++ -O0 -g3 -Wall -c -fmessage-length=0 -MMD -MP -MF"main.d" -MT"main.d" -o "main.o" "../main.cpp"
../main.cpp: In member function ‘T Stack<T>::pop()’:
../main.cpp:55:15: error: there are no arguments to ‘top’ that depend on a template parameter, so a declaration of ‘top’ must be available [-fpermissive]
   T tmp = top();
               ^
../main.cpp:55:15: note: (if you use ‘-fpermissive’, G++ will accept your code, but allowing the use of an undeclared name is deprecated)
../main.cpp: In constructor ‘Maze::Maze()’:
../main.cpp:105:20: error: ‘strlen’ was not declared in this scope
   cols = strlen(str);
                    ^
../main.cpp:108:23: error: ‘a’ was not declared in this scope
         mazeRows.push(a);
                       ^
../main.cpp:109:24: error: ‘strcpy’ was not declared in this scope
         strcpy(s+1, str);
                        ^
../main.cpp:115:32: error: ‘strchr’ was not declared in this scope
         if(strchr(s, exitMarker) != 0) {
                                ^
../main.cpp:119:34: error: ‘strchr’ was not declared in this scope
         if (strchr(s, entryMarker) != 0) {
                                  ^
../main.cpp:129:12: error: expected primary-expression before ‘!=’ token
     for (; !=mazeRows.empty(); row--) {
            ^
../main.cpp: In member function ‘void Maze::exitMaze()’:
../main.cpp:151:19: error: ‘entyCell’ was not declared in this scope
     currentCell = entyCell;
                   ^
../main.cpp:153:29: error: ‘exit’ was not declared in this scope
     while (!(currentCell == exit)) {
                             ^
make: *** [main.o] Error 1
19:13:47 **** Incremental Build of configuration Debug for project Fig-423-ExitingAMaze ****
make all 
Building file: ../main.cpp
Invoking: GCC C++ Compiler
g++ -O0 -g3 -Wall -c -fmessage-length=0 -MMD -MP -MF"main.d" -MT"main.d" -o "main.o" "../main.cpp"
../main.cpp: In member function ‘T Stack<T>::pop()’:
../main.cpp:55:15: error: there are no arguments to ‘top’ that depend on a template parameter, so a declaration of ‘top’ must be available [-fpermissive]
   T tmp = top();
               ^
../main.cpp:55:15: note: (if you use ‘-fpermissive’, G++ will accept your code, but allowing the use of an undeclared name is deprecated)
../main.cpp: In constructor ‘Maze::Maze()’:
../main.cpp:105:20: error: ‘strlen’ was not declared in this scope
   cols = strlen(str);
                    ^
../main.cpp:109:24: error: ‘strcpy’ was not declared in this scope
         strcpy(s+1, str);
                        ^
../main.cpp:115:32: error: ‘strchr’ was not declared in this scope
         if(strchr(s, exitMarker) != 0) {
                                ^
../main.cpp:119:34: error: ‘strchr’ was not declared in this scope
         if (strchr(s, entryMarker) != 0) {
                                  ^
../main.cpp:129:12: error: expected primary-expression before ‘!=’ token
     for (; !=mazeRows.empty(); row--) {
            ^
../main.cpp: In member function ‘void Maze::exitMaze()’:
../main.cpp:151:19: error: ‘entyCell’ was not declared in this scope
     currentCell = entyCell;
                   ^
../main.cpp:153:29: error: ‘exit’ was not declared in this scope
     while (!(currentCell == exit)) {
                             ^
make: *** [main.o] Error 1
19:14:32 **** Incremental Build of configuration Debug for project Fig-423-ExitingAMaze ****
make all 
Building file: ../main.cpp
Invoking: GCC C++ Compiler
g++ -O0 -g3 -Wall -c -fmessage-length=0 -MMD -MP -MF"main.d" -MT"main.d" -o "main.o" "../main.cpp"
../main.cpp: In member function ‘T Stack<T>::pop()’:
../main.cpp:55:15: error: there are no arguments to ‘top’ that depend on a template parameter, so a declaration of ‘top’ must be available [-fpermissive]
   T tmp = top();
               ^
../main.cpp:55:15: note: (if you use ‘-fpermissive’, G++ will accept your code, but allowing the use of an undeclared name is deprecated)
../main.cpp: In constructor ‘Maze::Maze()’:
../main.cpp:105:20: error: ‘strlen’ was not declared in this scope
   cols = strlen(str);
                    ^
../main.cpp:109:24: error: ‘strcpy’ was not declared in this scope
         strcpy(s+1, str);
                        ^
../main.cpp:115:32: error: ‘strchr’ was not declared in this scope
         if(strchr(s, exitMarker) != 0) {
                                ^
../main.cpp:119:34: error: ‘strchr’ was not declared in this scope
         if (strchr(s, entryMarker) != 0) {
                                  ^
../main.cpp: In member function ‘void Maze::exitMaze()’:
../main.cpp:151:19: error: ‘entyCell’ was not declared in this scope
     currentCell = entyCell;
                   ^
../main.cpp:153:29: error: ‘exit’ was not declared in this scope
     while (!(currentCell == exit)) {
                             ^
make: *** [main.o] Error 1
19:14:49 **** Incremental Build of configuration Debug for project Fig-423-ExitingAMaze ****
make all 
Building file: ../main.cpp
Invoking: GCC C++ Compiler
g++ -O0 -g3 -Wall -c -fmessage-length=0 -MMD -MP -MF"main.d" -MT"main.d" -o "main.o" "../main.cpp"
../main.cpp: In member function ‘T Stack<T>::pop()’:
../main.cpp:55:15: error: there are no arguments to ‘top’ that depend on a template parameter, so a declaration of ‘top’ must be available [-fpermissive]
   T tmp = top();
               ^
../main.cpp:55:15: note: (if you use ‘-fpermissive’, G++ will accept your code, but allowing the use of an undeclared name is deprecated)
../main.cpp: In constructor ‘Maze::Maze()’:
../main.cpp:105:20: error: ‘strlen’ was not declared in this scope
   cols = strlen(str);
                    ^
../main.cpp:109:24: error: ‘strcpy’ was not declared in this scope
         strcpy(s+1, str);
                        ^
../main.cpp:115:32: error: ‘strchr’ was not declared in this scope
         if(strchr(s, exitMarker) != 0) {
                                ^
../main.cpp:119:34: error: ‘strchr’ was not declared in this scope
         if (strchr(s, entryMarker) != 0) {
                                  ^
../main.cpp: In member function ‘void Maze::exitMaze()’:
../main.cpp:153:29: error: ‘exit’ was not declared in this scope
     while (!(currentCell == exit)) {
                             ^
make: *** [main.o] Error 1
19:15:15 **** Incremental Build of configuration Debug for project Fig-423-ExitingAMaze ****
make all 
Building file: ../main.cpp
Invoking: GCC C++ Compiler
g++ -O0 -g3 -Wall -c -fmessage-length=0 -MMD -MP -MF"main.d" -MT"main.d" -o "main.o" "../main.cpp"
../main.cpp: In member function ‘T Stack<T>::pop()’:
../main.cpp:55:15: error: there are no arguments to ‘top’ that depend on a template parameter, so a declaration of ‘top’ must be available [-fpermissive]
   T tmp = top();
               ^
../main.cpp:55:15: note: (if you use ‘-fpermissive’, G++ will accept your code, but allowing the use of an undeclared name is deprecated)
../main.cpp: In constructor ‘Maze::Maze()’:
../main.cpp:105:20: error: ‘strlen’ was not declared in this scope
   cols = strlen(str);
                    ^
../main.cpp:109:24: error: ‘strcpy’ was not declared in this scope
         strcpy(s+1, str);
                        ^
../main.cpp:115:32: error: ‘strchr’ was not declared in this scope
         if(strchr(s, exitMarker) != 0) {
                                ^
../main.cpp:119:34: error: ‘strchr’ was not declared in this scope
         if (strchr(s, entryMarker) != 0) {
                                  ^
make: *** [main.o] Error 1
19:15:59 **** Incremental Build of configuration Debug for project Fig-423-ExitingAMaze ****
make all 
Building file: ../main.cpp
Invoking: GCC C++ Compiler
g++ -O0 -g3 -Wall -c -fmessage-length=0 -MMD -MP -MF"main.d" -MT"main.d" -o "main.o" "../main.cpp"
../main.cpp: In member function ‘T Stack<T>::pop()’:
../main.cpp:55:15: error: there are no arguments to ‘top’ that depend on a template parameter, so a declaration of ‘top’ must be available [-fpermissive]
   T tmp = top();
               ^
../main.cpp:55:15: note: (if you use ‘-fpermissive’, G++ will accept your code, but allowing the use of an undeclared name is deprecated)
make: *** [main.o] Error 1
19:17:16 **** Incremental Build of configuration Debug for project Fig-423-ExitingAMaze ****
make all 
Building file: ../main.cpp
Invoking: GCC C++ Compiler
g++ -O0 -g3 -Wall -c -fmessage-length=0 -MMD -MP -MF"main.d" -MT"main.d" -o "main.o" "../main.cpp"
Finished building: ../main.cpp
 
Building target: Fig-423-ExitingAMaze
Invoking: GCC C++ Linker
g++  -o "Fig-423-ExitingAMaze"  ./main.o   
Finished building target: Fig-423-ExitingAMaze
 
19:17:22 **** Incremental Build of configuration Debug for project Fig-423-ExitingAMaze ****
make all 
make: Nothing to be done for `all'.
19:19:35 **** Incremental Build of configuration Debug for project Fig-423-ExitingAMaze ****
make all 
make: Nothing to be done for `all'.
19:20:49 **** Incremental Build of configuration Debug for project Queue-Example ****
make all 
make: Nothing to be done for `all'.
19:47:28 **** Incremental Build of configuration Debug for project Fig-423-ExitingAMaze ****
make all 
Building file: ../main.cpp
Invoking: GCC C++ Compiler
g++ -O0 -g3 -Wall -c -fmessage-length=0 -MMD -MP -MF"main.d" -MT"main.d" -o "main.o" "../main.cpp"
Finished building: ../main.cpp
 
Building target: Fig-423-ExitingAMaze
Invoking: GCC C++ Linker
g++  -o "Fig-423-ExitingAMaze"  ./main.o   
Finished building target: Fig-423-ExitingAMaze
 
19:48:06 **** Incremental Build of configuration Debug for project Fig-423-ExitingAMaze ****
make all 
make: Nothing to be done for `all'.
